Environment variables:
  - =::=::\
  - =C:=C:\Javaprojects\maven-java-project\Maven-Java-Project
  - =ExitCode=00000001
  - ALLUSERSPROFILE=C:\ProgramData
  - ANT_HOME=C:\devopssoftware\Ant\apache-ant-1.10.5
  - APPDATA=C:\Users\kumar.sunil\AppData\Roaming
  - CLASSWORLDS_JAR="C:\devopssoftware\Maven\apache-maven-3.6.0\bin\..\boot\plexus-classworlds-2.5.2.jar"
  - CLASSWORLDS_LAUNCHER=org.codehaus.plexus.classworlds.launcher.Launcher
  - COMPUTERNAME=C1-IT-LAP-039
  - ComSpec=C:\Windows\system32\cmd.exe
  - CommonProgramFiles=C:\Program Files\Common Files
  - CommonProgramFiles(x86)=C:\Program Files (x86)\Common Files
  - CommonProgramW6432=C:\Program Files\Common Files
  - ERROR_CODE=0
  - EXEC_DIR=C:\Javaprojects\maven-java-project\Maven-Java-Project
  - FP_NO_HOST_CHECK=NO
  - HOMEDRIVE=Z:
  - HOMEPATH=\
  - HOMESHARE=\\DC1\User Data\Kumar.Sunil
  - JAVACMD=C:\ProgramData\Oracle\Java\javapath\java.exe
  - LOCALAPPDATA=C:\Users\kumar.sunil\AppData\Local
  - LOGONSERVER=\\DC1
  - MAVEN_CMD_LINE_ARGS=sonar:sonar -X
  - MAVEN_HOME=C:\devopssoftware\Maven\apache-maven-3.6.0\bin\..
  - MAVEN_PROJECTBASEDIR=C:\Javaprojects\maven-java-project\Maven-Java-Project
  - NUMBER_OF_PROCESSORS=4
  - OS=Windows_NT
  - PATHEXT=.COM;.EXE;.BAT;.CMD;.VBS;.VBE;.JS;.JSE;.WSF;.WSH;.MSC
  - PROCESSOR_ARCHITECTURE=AMD64
  - PROCESSOR_IDENTIFIER=Intel64 Family 6 Model 69 Stepping 1, GenuineIntel
  - PROCESSOR_LEVEL=6
  - PROCESSOR_REVISION=4501
  - PROG27B48B2C051=1
  - PROMPT=$P$G
  - PSModulePath=C:\Windows\system32\WindowsPowerShell\v1.0\Modules\;C:\Program Files (x86)\Microsoft SQL Server\140\Tools\PowerShell\Modules\
  - PUBLIC=C:\Users\Public
  - Path=C:\ProgramData\Oracle\Java\javapath;C:\devopssoftware\Ant\apache-ant-1.10.5/bin;C:\devopssoftware\Maven\apache-maven-3.6.0/bin;C:\devopssoftware\SonarQubeScanner\sonar-scanner/bin;C:\Windows\system32;C:\Windows;C:\Windows\System32\Wbem;C:\Windows\System32\WindowsPowerShell\v1.0\;C:\Program Files\TortoiseSVN\bin;C:\Program Files (x86)\CrSSL\bin;C:\Program Files (x86)\Microsoft SQL Server\Client SDK\ODBC\130\Tools\Binn\;C:\Program Files (x86)\Microsoft SQL Server\140\Tools\Binn\;C:\Program Files (x86)\Microsoft SQL Server\140\DTS\Binn\;C:\Program Files (x86)\Microsoft SQL Server\140\Tools\Binn\ManagementStudio\;C:\Program Files (x86)\Skype\Phone\;C:\Program Files\PuTTY\;C:\Program Files\Git\cmd;
  - ProgramData=C:\ProgramData
  - ProgramFiles=C:\Program Files
  - ProgramFiles(x86)=C:\Program Files (x86)
  - ProgramW6432=C:\Program Files
  - SESSIONNAME=Console
  - SONAR_HOME=C:\devopssoftware\SonarQubeScanner\sonar-scanner
  - SystemDrive=C:
  - SystemRoot=C:\Windows
  - TEMP=C:\Users\KUMAR~1.SUN\AppData\Local\Temp
  - TMP=C:\Users\KUMAR~1.SUN\AppData\Local\Temp
  - USERDNSDOMAIN=C1INDIA.COM
  - USERDOMAIN=C1INDIA
  - USERNAME=kumar.sunil
  - USERPROFILE=C:\Users\kumar.sunil
  - WDIR=C:\
  - jvmConfig=\.mvn\jvm.config
  - windir=C:\Windows
  - windows_tracing_flags=3
  - windows_tracing_logfile=C:\BVTBin\Tests\installpackage\csilogfile.log
System properties:
  - awt.toolkit=sun.awt.windows.WToolkit
  - classworlds.conf=C:\devopssoftware\Maven\apache-maven-3.6.0\bin\..\bin\m2.conf
  - file.encoding=Cp1252
  - file.encoding.pkg=sun.io
  - file.separator=\
  - guice.disable.misplaced.annotation.check=true
  - java.awt.graphicsenv=sun.awt.Win32GraphicsEnvironment
  - java.awt.printerjob=sun.awt.windows.WPrinterJob
  - java.class.path=C:\devopssoftware\Maven\apache-maven-3.6.0\bin\..\boot\plexus-classworlds-2.5.2.jar
  - java.class.version=52.0
  - java.endorsed.dirs=C:\Program Files\Java\jre1.8.0_77\lib\endorsed
  - java.ext.dirs=C:\Program Files\Java\jre1.8.0_77\lib\ext;C:\Windows\Sun\Java\lib\ext
  - java.home=C:\Program Files\Java\jre1.8.0_77
  - java.io.tmpdir=C:\Users\KUMAR~1.SUN\AppData\Local\Temp\
  - java.library.path=C:\ProgramData\Oracle\Java\javapath;C:\Windows\Sun\Java\bin;C:\Windows\system32;C:\Windows;C:\ProgramData\Oracle\Java\javapath;C:\devopssoftware\Ant\apache-ant-1.10.5/bin;C:\devopssoftware\Maven\apache-maven-3.6.0/bin;C:\devopssoftware\SonarQubeScanner\sonar-scanner/bin;C:\Windows\system32;C:\Windows;C:\Windows\System32\Wbem;C:\Windows\System32\WindowsPowerShell\v1.0\;C:\Program Files\TortoiseSVN\bin;C:\Program Files (x86)\CrSSL\bin;C:\Program Files (x86)\Microsoft SQL Server\Client SDK\ODBC\130\Tools\Binn\;C:\Program Files (x86)\Microsoft SQL Server\140\Tools\Binn\;C:\Program Files (x86)\Microsoft SQL Server\140\DTS\Binn\;C:\Program Files (x86)\Microsoft SQL Server\140\Tools\Binn\ManagementStudio\;C:\Program Files (x86)\Skype\Phone\;C:\Program Files\PuTTY\;C:\Program Files\Git\cmd;;.
  - java.runtime.name=Java(TM) SE Runtime Environment
  - java.runtime.version=1.8.0_77-b03
  - java.specification.name=Java Platform API Specification
  - java.specification.vendor=Oracle Corporation
  - java.specification.version=1.8
  - java.vendor=Oracle Corporation
  - java.vendor.url=http://java.oracle.com/
  - java.vendor.url.bug=http://bugreport.sun.com/bugreport/
  - java.version=1.8.0_77
  - java.vm.info=mixed mode
  - java.vm.name=Java HotSpot(TM) 64-Bit Server VM
  - java.vm.specification.name=Java Virtual Machine Specification
  - java.vm.specification.vendor=Oracle Corporation
  - java.vm.specification.version=1.8
  - java.vm.vendor=Oracle Corporation
  - java.vm.version=25.77-b03
  - library.jansi.path=C:\devopssoftware\Maven\apache-maven-3.6.0\bin\..\lib\jansi-native
  - line.separator=

  - maven.conf=C:\devopssoftware\Maven\apache-maven-3.6.0\bin\../conf
  - maven.home=C:\devopssoftware\Maven\apache-maven-3.6.0\bin\..
  - maven.multiModuleProjectDirectory=C:\Javaprojects\maven-java-project\Maven-Java-Project
  - org.slf4j.simpleLogger.defaultLogLevel=debug
  - os.arch=amd64
  - os.name=Windows 7
  - os.version=6.1
  - path.separator=;
  - sun.arch.data.model=64
  - sun.boot.class.path=C:\Program Files\Java\jre1.8.0_77\lib\resources.jar;C:\Program Files\Java\jre1.8.0_77\lib\rt.jar;C:\Program Files\Java\jre1.8.0_77\lib\sunrsasign.jar;C:\Program Files\Java\jre1.8.0_77\lib\jsse.jar;C:\Program Files\Java\jre1.8.0_77\lib\jce.jar;C:\Program Files\Java\jre1.8.0_77\lib\charsets.jar;C:\Program Files\Java\jre1.8.0_77\lib\jfr.jar;C:\Program Files\Java\jre1.8.0_77\classes
  - sun.boot.library.path=C:\Program Files\Java\jre1.8.0_77\bin
  - sun.cpu.endian=little
  - sun.cpu.isalist=amd64
  - sun.desktop=windows
  - sun.io.unicode.encoding=UnicodeLittle
  - sun.java.command=org.codehaus.plexus.classworlds.launcher.Launcher sonar:sonar -X
  - sun.java.launcher=SUN_STANDARD
  - sun.jnu.encoding=Cp1252
  - sun.management.compiler=HotSpot 64-Bit Tiered Compilers
  - sun.os.patch.level=Service Pack 1
  - sun.stderr.encoding=cp437
  - sun.stdout.encoding=cp437
  - user.country=US
  - user.dir=C:\Javaprojects\maven-java-project\Maven-Java-Project
  - user.home=C:\Users\kumar.sunil
  - user.language=en
  - user.name=kumar.sunil
  - user.script=
  - user.timezone=Asia/Calcutta
  - user.variant=
SonarQube plugins:
  - SonarPython 1.10.0.2131 (python)
  - SonarCSS 1.0.2.611 (cssfamily)
  - JaCoCo 1.0.1.143 (jacoco)
  - SonarGo 1.1.0.1612 (go)
  - SonarKotlin 1.2.1.2009 (kotlin)
  - Svn 1.9.0.1295 (scmsvn)
  - SonarJS 5.0.0.6962 (javascript)
  - SonarRuby 1.2.1.2009 (ruby)
  - SonarC# 7.7.0.7192 (csharp)
  - SonarJava 5.8.0.15699 (java)
  - LDAP 2.2.0.608 (ldap)
  - Git 1.6.0.1349 (scmgit)
  - SonarFlex 2.4.0.1222 (flex)
  - SonarXML 1.5.1.1452 (xml)
  - SonarPHP 2.14.0.3569 (php)
  - SonarTS 1.8.0.3332 (typescript)
  - SonarVB 7.7.0.7192 (vbnet)
Global properties:
  - sonar.core.id=BF41A1F2-AWeLlH3uhvFeWPpESZ9V
  - sonar.core.startTime=2018-12-07T21:10:23-0500
Settings for module: com.mt:maven-java-project
  - sonar.binaries=C:\Javaprojects\maven-java-project\Maven-Java-Project\target\classes
  - sonar.groovy.binaries=target/classes
  - sonar.host.url=http://192.168.10.45:9000/
  - sonar.jacoco.itReportPath=C:\Javaprojects\maven-java-project\Maven-Java-Project/../target/jacoco-it.exec
  - sonar.java.binaries=C:\Javaprojects\maven-java-project\Maven-Java-Project\target\classes
  - sonar.java.libraries=C:\Users\kumar.sunil\.m2\repository\org\json\json\20160212\json-20160212.jar,C:\Users\kumar.sunil\.m2\repository\org\springframework\spring-core\4.1.4.RELEASE\spring-core-4.1.4.RELEASE.jar,C:\Users\kumar.sunil\.m2\repository\commons-logging\commons-logging\1.2\commons-logging-1.2.jar,C:\Users\kumar.sunil\.m2\repository\org\springframework\spring-web\4.1.4.RELEASE\spring-web-4.1.4.RELEASE.jar,C:\Users\kumar.sunil\.m2\repository\org\springframework\spring-aop\4.1.4.RELEASE\spring-aop-4.1.4.RELEASE.jar,C:\Users\kumar.sunil\.m2\repository\aopalliance\aopalliance\1.0\aopalliance-1.0.jar,C:\Users\kumar.sunil\.m2\repository\org\springframework\spring-beans\4.1.4.RELEASE\spring-beans-4.1.4.RELEASE.jar,C:\Users\kumar.sunil\.m2\repository\org\springframework\spring-webmvc\4.1.4.RELEASE\spring-webmvc-4.1.4.RELEASE.jar,C:\Users\kumar.sunil\.m2\repository\org\springframework\spring-expression\4.1.4.RELEASE\spring-expression-4.1.4.RELEASE.jar,C:\Users\kumar.sunil\.m2\repository\org\springframewor...
  - sonar.java.source=1.5
  - sonar.java.target=1.5
  - sonar.java.test.binaries=C:\Javaprojects\maven-java-project\Maven-Java-Project\target\test-classes
  - sonar.java.test.libraries=C:\Javaprojects\maven-java-project\Maven-Java-Project\target\classes,C:\Users\kumar.sunil\.m2\repository\junit\junit\4.12\junit-4.12.jar,C:\Users\kumar.sunil\.m2\repository\org\hamcrest\hamcrest-core\1.3\hamcrest-core-1.3.jar,C:\Users\kumar.sunil\.m2\repository\org\json\json\20160212\json-20160212.jar,C:\Users\kumar.sunil\.m2\repository\org\springframework\spring-core\4.1.4.RELEASE\spring-core-4.1.4.RELEASE.jar,C:\Users\kumar.sunil\.m2\repository\commons-logging\commons-logging\1.2\commons-logging-1.2.jar,C:\Users\kumar.sunil\.m2\repository\org\springframework\spring-web\4.1.4.RELEASE\spring-web-4.1.4.RELEASE.jar,C:\Users\kumar.sunil\.m2\repository\org\springframework\spring-aop\4.1.4.RELEASE\spring-aop-4.1.4.RELEASE.jar,C:\Users\kumar.sunil\.m2\repository\aopalliance\aopalliance\1.0\aopalliance-1.0.jar,C:\Users\kumar.sunil\.m2\repository\org\springframework\spring-beans\4.1.4.RELEASE\spring-beans-4.1.4.RELEASE.jar,C:\Users\kumar.sunil\.m2\repository\org\springframework\spring-webmv...
  - sonar.libraries=C:\Users\kumar.sunil\.m2\repository\org\json\json\20160212\json-20160212.jar,C:\Users\kumar.sunil\.m2\repository\org\springframework\spring-core\4.1.4.RELEASE\spring-core-4.1.4.RELEASE.jar,C:\Users\kumar.sunil\.m2\repository\commons-logging\commons-logging\1.2\commons-logging-1.2.jar,C:\Users\kumar.sunil\.m2\repository\org\springframework\spring-web\4.1.4.RELEASE\spring-web-4.1.4.RELEASE.jar,C:\Users\kumar.sunil\.m2\repository\org\springframework\spring-aop\4.1.4.RELEASE\spring-aop-4.1.4.RELEASE.jar,C:\Users\kumar.sunil\.m2\repository\aopalliance\aopalliance\1.0\aopalliance-1.0.jar,C:\Users\kumar.sunil\.m2\repository\org\springframework\spring-beans\4.1.4.RELEASE\spring-beans-4.1.4.RELEASE.jar,C:\Users\kumar.sunil\.m2\repository\org\springframework\spring-webmvc\4.1.4.RELEASE\spring-webmvc-4.1.4.RELEASE.jar,C:\Users\kumar.sunil\.m2\repository\org\springframework\spring-expression\4.1.4.RELEASE\spring-expression-4.1.4.RELEASE.jar,C:\Users\kumar.sunil\.m2\repository\org\springframewor...
  - sonar.links.ci=
  - sonar.links.homepage=
  - sonar.links.issue=https://github.com/devopstrainingblr/Maven-Java-Project/issues
  - sonar.links.scm=https://github.com/devopstrainingblr/Maven-Java-Project
  - sonar.links.scm_dev=scm:git:https://github.com/devopstrainingblr/Maven-Java-Project
  - sonar.maven.projectDependencies=[{"k":"junit:junit","v":"4.12","s":"test","d":[{"k":"org.hamcrest:hamcrest-core","v":"1.3","s":"test","d":[]}]},{"k":"org.json:json","v":"20160212","s":"compile","d":[]},{"k":"org.springframework:spring-core","v":"4.1.4.RELEASE","s":"compile","d":[{"k":"commons-logging:commons-logging","v":"1.2","s":"compile","d":[]}]},{"k":"org.springframework:spring-web","v":"4.1.4.RELEASE","s":"compile","d":[{"k":"org.springframework:spring-aop","v":"4.1.4.RELEASE","s":"compile","d":[{"k":"aopalliance:aopalliance","v":"1.0","s":"compile","d":[]}]},{"k":"org.springframework:spring-beans","v":"4.1.4.RELEASE","s":"compile","d":[]}]},{"k":"org.springframework:spring-webmvc","v":"4.1.4.RELEASE","s":"compile","d":[{"k":"org.springframework:spring-expression","v":"4.1.4.RELEASE","s":"compile","d":[]}]},{"k":"org.springframework:spring-context","v":"4.1.4.RELEASE","s":"compile","d":[]},{"k":"javax:javaee-web-api","v":"7.0","s":"provided","d":[]},{"k":"javax.servlet:javax.servlet-api","v":"3.1.0","s":"com...
  - sonar.moduleKey=com.mt:maven-java-project
  - sonar.projectBaseDir=C:\Javaprojects\maven-java-project\Maven-Java-Project
  - sonar.projectBuildDir=C:\Javaprojects\maven-java-project\Maven-Java-Project\target
  - sonar.projectDescription=Maven java Project for Java
  - sonar.projectKey=com.mt:maven-java-project
  - sonar.projectName=maven-java-project
  - sonar.projectVersion=1.0-SNAPSHOT
  - sonar.sourceEncoding=UTF-8
  - sonar.sources=C:\Javaprojects\maven-java-project\Maven-Java-Project\pom.xml,C:\Javaprojects\maven-java-project\Maven-Java-Project\src\main\java
  - sonar.tests=C:\Javaprojects\maven-java-project\Maven-Java-Project\src\test\java
  - sonar.working.directory=C:\Javaprojects\maven-java-project\Maven-Java-Project\target\sonar
